TOOL:	xrun	23.03-s007: Started on Oct 31, 2024 at 13:44:19 CET
xrun
	-compile
	-l xrun_compile.log
	-F ../tb/tb.f
		../../common/fifomult2024.svp
		fifomult2024_tb_pkg.svh
		fifomult2024_bfm.sv
		tpgen.sv
		coverage.sv
		scoreboard.sv
		top.sv
	-v93
	+nowarnDSEM2009
	+nowarnDSEMEL
	+nowarnCGDEFN
	+nowarnCOVUTA
	+nowarnBADPRF
	+nowarnXCLGNOPTM
	+nowarnRNDXCELON
	+nowarnSAWSTP
	-xmlibdirname INCA_libs
	+overwrite
	-nocopyright
	-coverage all
	-covoverwrite
	-covfile xrun_covfile.txt
file: ../tb/../../common/fifomult2024.svp
	module worklib.fifomult2024:svp
		errors: 0, warnings: 0
file: ../tb/fifomult2024_tb_pkg.svh
	package worklib.fifomult2024_tb_pkg:svh
		errors: 0, warnings: 0
file: ../tb/fifomult2024_bfm.sv
	interface worklib.fifomult2024_bfm:sv
		errors: 0, warnings: 0
file: ../tb/tpgen.sv
	module worklib.tpgen:sv
		errors: 0, warnings: 0
file: ../tb/coverage.sv
	module worklib.coverage:sv
		errors: 0, warnings: 0
file: ../tb/scoreboard.sv
	module worklib.scoreboard:sv
		errors: 0, warnings: 0
file: ../tb/top.sv
	module worklib.top:sv
		errors: 0, warnings: 0
TOOL:	xrun	23.03-s007: Exiting on Oct 31, 2024 at 13:44:21 CET  (total: 00:00:02)
