TOOL:	xrun	23.03-s007: Started on Oct 31, 2024 at 12:39:40 CET
xrun
	-F ../tb/tb.f
		../../common/fifomult2024.svp
		fifomult2024_tb_pkg.svh
		fifomult2024_bfm.sv
		tpgen.sv
		coverage.sv
		scoreboard.sv
		top.sv
	-v93
	+nowarnDSEM2009
	+nowarnDSEMEL
	+nowarnCGDEFN
	+nowarnCOVUTA
	+nowarnBADPRF
	+nowarnXCLGNOPTM
	+nowarnRNDXCELON
	+nowarnSAWSTP
	-xmlibdirname INCA_libs_gui
	+access+r
	+gui
	+overwrite
	-nocopyright
	-coverage all
	-covoverwrite
	-covfile xrun_covfile.txt
	+UVM_TESTNAME=lab03example
	-l xrun_gui.log
Compiling UVM packages (uvm_pkg.sv cdns_uvm_pkg.sv) using uvmhome location /eda/cadence/2023-24/RHELx86/XCELIUM_23.03.007/tools/methodology/UVM/CDNS-1.1d
		Caching library 'worklib' ....... Done
	Elaborating the design hierarchy:
	Top level design units:
		fifomult2024_tb_pkg
		top

	Extracting FSMs for coverage:
		worklib.tpgen
		worklib.coverage
		worklib.scoreboard
		worklib.top
	Total FSMs extracted = 0
	Building instance overlay tables: .................... Done
	Enabling instrumentation for coverage types: block expression FSM toggle functional
	Building instance specific data structures.
	Performing constant object marking (COM) analysis.
	Loading native compiled code:     .................... Done
	Design hierarchy summary:
		                Instances  Unique
		Modules:                5       5
		Interfaces:             1       1
		Verilog packages:       1       1
		Registers:             49      49
		Scalar wires:          13       -
		Vectored wires:         2       -
		Always blocks:          5       5
		Initial blocks:         6       6
		Final blocks:           1       1
		Cont. assignments:      4       5
		Pseudo assignments:     5       -
		Covergroup Instances:   0       1
	Writing initial simulation snapshot: worklib.top:sv
xmsim: *W,NOMTDGUI: Multi-Threaded Dumping is disabled for interactive debug mode.

-------------------------------------
Relinquished control to SimVision...
xcelium> 
xcelium> source /eda/cadence/2023-24/RHELx86/XCELIUM_23.03.007/tools/xcelium/files/xmsimrc
xcelium> source /eda/cadence/2023-24/RHELx86/XCELIUM_23.03.007/tools/methodology/UVM/CDNS-1.1d/additions/sv/files/tcl/uvm_sim.tcl
xcelium> ^C
xcelium> exit
xmsim: *W,NORUNCMD: No 'run' command issued.
[1;30m[102m-----------------------------------
----------- Test PASSED -----------
-----------------------------------[0m

See ./cov_work/scope/test/icc.com file for message(s) on coverage constant object marking

coverage setup:
  workdir  :  ./cov_work
  dutinst  :  top(top)
  scope    :  scope
  testname :  test

coverage files:
  model(design data) :  ./cov_work/scope/icc_56b7caec_251c7afb.ucm
  data               :  ./cov_work/scope/test/icc_56b7caec_251c7afb.ucd
TOOL:	xrun	23.03-s007: Exiting on Oct 31, 2024 at 12:40:20 CET  (total: 00:00:40)
