xrun: 23.03-s007: (c) Copyright 1995-2023 Cadence Design Systems, Inc.
TOOL:	xrun	23.03-s007: Started on Nov 15, 2024 at 14:30:15 CET
xrun
	+compile
	+sv
	-f /home/student/bbialkowski/VDIC/.dvt/lab04_part1.build
		-F lab04part01/tb/tb.f
			classes/shape_c.svh
			classes/polygon_c.svh
			classes/rectangle_c.svh
			classes/triangle_c.svh
			classes/circle_c.svh
			classes/shape_factory.svh
			classes/shape_reporter.svh
			top.sv
Recompiling... reason: file './common/tinyalu/tinyalu_pkg.sv' is newer than expected.
	expected: Fri Oct  4 14:56:55 2024
	actual:   Tue Oct 22 12:22:59 2024
file: lab04part01/tb/classes/shape_c.svh
file: lab04part01/tb/classes/shape_reporter.svh
TOOL:	xrun	23.03-s007: Exiting on Nov 15, 2024 at 14:30:15 CET  (total: 00:00:00)
