TOOL:	xrun	23.03-s007: Started on Nov 15, 2024 at 14:32:18 CET
xrun
	-compile
	-l xrun_compile.log
	-F ../tb/tb.f
		fifomult2024_tb_pkg.svh
		../../common/fifomult2024.svp
		fifomult2024_bfm.sv
		top.sv
		+incdir+classes
		+nowarn+DSEMEL
	-v93
	+nowarnDSEM2009
	+nowarnDSEMEL
	+nowarnCGDEFN
	+nowarnCOVUTA
	+nowarnBADPRF
	+nowarnXCLGNOPTM
	+nowarnRNDXCELON
	+nowarnSAWSTP
	-xmlibdirname INCA_libs
	+overwrite
	-nocopyright
	-coverage all
	-covoverwrite
	-covfile xrun_covfile.txt
file: ../tb/fifomult2024_tb_pkg.svh
	package worklib.fifomult2024_tb_pkg:svh
		errors: 0, warnings: 0
file: ../tb/../../common/fifomult2024.svp
	module worklib.fifomult2024:svp
		errors: 0, warnings: 0
file: ../tb/fifomult2024_bfm.sv
	interface worklib.fifomult2024_bfm:sv
		errors: 0, warnings: 0
file: ../tb/top.sv
	module worklib.top:sv
		errors: 0, warnings: 0
TOOL:	xrun	23.03-s007: Exiting on Nov 15, 2024 at 14:32:18 CET  (total: 00:00:00)
