/eda/cadence/2023-24/RHELx86/XCELIUM_23.03.007/tools.lnx86/inca/bin/xmsim
Obtained 43 stack frames.
/eda/cadence/2023-24/RHELx86/XCELIUM_23.03.007/tools.lnx86/inca/bin/../../lib/libcbreakpad.so(_Z13use_backtracev+0xa1) [0xf72f42b0]
/eda/cadence/2023-24/RHELx86/XCELIUM_23.03.007/tools.lnx86/inca/bin/../../lib/libcbreakpad.so(cbpad_generate_dump_on_demand+0x90) [0xf72f462b]
xmsim() [0x9676ce0]
xmsim(serror+0x1a) [0x967851a]
xmsim() [0x87f0a5a]
xmsim() [0x87f1003]
[0xf7778410]
xmsim() [0x888100b]
xmsim() [0x8876e90]
xmsim() [0x898bce2]
xmsim() [0x906ac4a]
xmsim() [0x907a64e]
xmsim() [0x907c5fa]
xmsim() [0x90bfa40]
xmsim(sslu_traverse_scopes+0x2f5) [0x8a26db5]
xmsim() [0x9098c15]
xmsim() [0x90c1830]
xmsim() [0x83d4b6e]
xmsim() [0x83140bb]
xmsim() [0x831462f]
xmsim() [0x83149fb]
[0xf7778410]
xmsim() [0x96637a0]
[0xf7778400]
[0xf7778430]
/lib/libc.so.6(kill+0x16) [0xf7364596]
xmsim() [0x915d2f3]
xmsim() [0x87313fe]
[0xf7778400]
[0xf7778430]
/lib/libc.so.6(__poll+0x23) [0xf7426723]
/eda/cadence/2023-24/RHELx86/XCELIUM_23.03.007/tools/lib/libdcapi.so(dcDoOneEventTimed+0x70) [0xf7191190]
/eda/cadence/2023-24/RHELx86/XCELIUM_23.03.007/tools/lib/libStrapNC.so(StrapRead+0x133) [0xf6fb8843]
/eda/cadence/2023-24/RHELx86/XCELIUM_23.03.007/tools/lib/libStrapNC.so(Strap_IncaReadStdin+0x1e) [0xf6fa4d8e]
xmsim() [0x95f5401]
xmsim() [0x95f5a48]
xmsim() [0x95f5c3f]
xmsim() [0x871949c]
xmsim() [0x8313391]
xmsim(ncmain+0x89) [0x83120ce]
xmsim(main+0x22) [0x9f4e4aa]
/lib/libc.so.6(__libc_start_main+0xf3) [0xf734f2d3]
xmsim() [0x8256f49]
