TOOL:	xrun	23.03-s007: Started on Oct 18, 2024 at 13:15:24 CEST
xrun
	-elaborate
	-l xrun_elaborate.log
	-F ../tb/tb.f
		../../common/fifomult2024.svp
		fifomult2024_tb.sv
	-v93
	+nowarnDSEM2009
	+nowarnDSEMEL
	+nowarnCGDEFN
	+nowarnCOVUTA
	+nowarnBADPRF
	+nowarnXCLGNOPTM
	+nowarnRNDXCELON
	+nowarnSAWSTP
	-xmlibdirname INCA_libs_gui
	+access+r
	+gui
	+overwrite
	-nocopyright
	-coverage all
	-covoverwrite
	-covfile xrun_covfile.txt
		Caching library 'worklib' ....... Done
	Elaborating the design hierarchy:
	Top level design units:
		top

	Extracting FSMs for coverage:
		worklib.top
	Total FSMs extracted = 0
	Building instance overlay tables: .................... Done
	Enabling instrumentation for coverage types: block expression FSM toggle functional
	Generating native compiled code:
		worklib.fifomult2024:svp <0x31a165e8>
			streams:  17, words:  9400
		worklib.top:sv <0x52e3d397>
			streams:  13, words: 37339
	Building instance specific data structures.
	Performing constant object marking (COM) analysis.
	Loading native compiled code:     .................... Done
	Design hierarchy summary:
		              Instances  Unique
		Modules:              2       2
		Registers:           46      46
		Scalar wires:        13       -
		Vectored wires:       2       -
		Always blocks:        3       3
		Initial blocks:       4       4
		Final blocks:         1       1
		Cont. assignments:    4       5
		Pseudo assignments:   1       -
	Writing initial simulation snapshot: worklib.top:sv
TOOL:	xrun	23.03-s007: Exiting on Oct 18, 2024 at 13:15:25 CEST  (total: 00:00:01)
