TOOL:	xrun	23.03-s007: Started on Oct 31, 2024 at 13:10:16 CET
xrun
	-compile
	-l xrun_compile.log
	-F ../tb/tb.f
		../../common/fifomult2024.svp
		fifomult2024_tb.sv
	-v93
	+nowarnDSEM2009
	+nowarnDSEMEL
	+nowarnCGDEFN
	+nowarnCOVUTA
	+nowarnBADPRF
	+nowarnXCLGNOPTM
	+nowarnRNDXCELON
	+nowarnSAWSTP
	-xmlibdirname INCA_libs
	+overwrite
	-nocopyright
	-coverage all
	-covoverwrite
	-covfile xrun_covfile.txt
file: ../tb/../../common/fifomult2024.svp
	module worklib.fifomult2024:svp
		errors: 0, warnings: 0
file: ../tb/fifomult2024_tb.sv
	module worklib.top:sv
		errors: 0, warnings: 0
TOOL:	xrun	23.03-s007: Exiting on Oct 31, 2024 at 13:10:16 CET  (total: 00:00:00)
