TOOL:	xrun	23.03-s007: Started on Oct 26, 2024 at 17:21:37 CEST
xrun
	-elaborate
	-l xrun_elaborate.log
	-F ../tb/tb.f
		../../common/fifomult2024.svp
		fifomult2024_tb.sv
	-v93
	+nowarnDSEM2009
	+nowarnDSEMEL
	+nowarnCGDEFN
	+nowarnCOVUTA
	+nowarnBADPRF
	+nowarnXCLGNOPTM
	+nowarnRNDXCELON
	+nowarnSAWSTP
	-xmlibdirname INCA_libs
	+overwrite
	-nocopyright
	-coverage all
	-covoverwrite
	-covfile xrun_covfile.txt
		Caching library 'worklib' ....... Done
	Elaborating the design hierarchy:
	Top level design units:
		top

	Extracting FSMs for coverage:
		worklib.top
	Total FSMs extracted = 0
	Building instance overlay tables: .................... Done
	Enabling instrumentation for coverage types: block expression FSM toggle functional
	Generating native compiled code:
		worklib.fifomult2024:svp <0x69e30975>
			streams:  17, words:  8968
		worklib.top:sv <0x1406410e>
			streams:  23, words: 52770
	Building instance specific data structures.
	Performing constant object marking (COM) analysis.
	Loading native compiled code:     .................... Done
	Design hierarchy summary:
		                Instances  Unique
		Modules:                2       2
		Registers:             51      51
		Scalar wires:          13       -
		Vectored wires:         2       -
		Always blocks:          5       5
		Initial blocks:         7       7
		Final blocks:           1       1
		Cont. assignments:      4       5
		Pseudo assignments:     1       -
		Covergroup Instances:   0       1
	Writing initial simulation snapshot: worklib.top:sv
TOOL:	xrun	23.03-s007: Exiting on Oct 26, 2024 at 17:21:38 CEST  (total: 00:00:01)
