TOOL:	xrun	23.03-s007: Started on Nov 29, 2024 at 13:48:42 CET
xrun
	-compile
	-l xrun_compile.log
	-F ../tb/tb.f
		fifomult2024_tb_pkg.sv
		fifomult2024_bfm.sv
		../../common/fifomult2024.svp
		top.sv
		+incdir+classes
		+nowarn+DSEMEL
		+nowarnBADPRF
		-uvm
		-uvmhome /eda/cadence/2021-22/RHELx86/XCELIUM_21.03.009/tools/methodology/UVM/CDNS-1.2/sv
		+UVM_NO_RELNOTES
		+UVM_VERBOSITY=MEDIUM
		-linedebug
		-fsmdebug
		-uvmlinedebug
	-v93
	+nowarnDSEM2009
	+nowarnDSEMEL
	+nowarnCGDEFN
	+nowarnCOVUTA
	+nowarnBADPRF
	+nowarnXCLGNOPTM
	+nowarnRNDXCELON
	+nowarnSAWSTP
	-xmlibdirname INCA_libs
	+overwrite
	-nocopyright
	-coverage all
	-covoverwrite
	-covfile xrun_covfile.txt

   User defined plus("+") options:
	+UVM_NO_RELNOTES
	+UVM_VERBOSITY=MEDIUM

Compiling UVM packages (uvm_pkg.sv cdns_uvm_pkg.sv) using uvmhome location /eda/cadence/2021-22/RHELx86/XCELIUM_21.03.009/tools/methodology/UVM/CDNS-1.2/sv
file: ../tb/fifomult2024_tb_pkg.sv
		cmd_f.try_get(cmd);
		            |
xmvlog: *W,FUNTSK (../tb/classes/scoreboard.svh,99|14): function called as a task without void'().
	package worklib.fifomult2024_tb_pkg:sv
		errors: 0, warnings: 1
file: ../tb/fifomult2024_bfm.sv
	interface worklib.fifomult2024_bfm:sv
		errors: 0, warnings: 0
file: ../tb/../../common/fifomult2024.svp
	module worklib.fifomult2024:svp
		errors: 0, warnings: 0
file: ../tb/top.sv
	module worklib.top:sv
		errors: 0, warnings: 0
TOOL:	xrun	23.03-s007: Exiting on Nov 29, 2024 at 13:48:44 CET  (total: 00:00:02)
